TN:
SF:script/DeployDSC.s.sol
DA:13,6
FN:13,DeployDSC.run
FNDA:6,DeployDSC.run
DA:14,6
DA:15,6
DA:16,6
DA:18,6
DA:19,6
DA:21,6
DA:22,6
DA:23,6
DA:24,6
DA:25,6
DA:27,6
FNF:1
FNH:1
LF:12
LH:12
BRF:0
BRH:0
end_of_record
TN:
SF:script/HelperConfig.s.sol
DA:24,6
FN:24,HelperConfig.constructor
FNDA:6,HelperConfig.constructor
DA:25,6
BRDA:25,0,0,-
BRDA:25,0,1,6
DA:26,0
DA:28,6
DA:32,0
FN:32,HelperConfig.getSepoliaEthConfig
FNDA:0,HelperConfig.getSepoliaEthConfig
DA:33,0
DA:40,0
DA:43,6
FN:43,HelperConfig.getOrCreateAnvilEthConfig
FNDA:6,HelperConfig.getOrCreateAnvilEthConfig
DA:44,6
BRDA:44,1,0,-
DA:45,0
DA:48,6
DA:49,6
DA:50,6
DA:52,6
DA:53,6
DA:54,6
DA:56,6
FNF:3
FNH:2
LF:17
LH:12
BRF:3
BRH:1
end_of_record
TN:
SF:src/DSCEngine.sol
DA:69,0
FN:69,DSCEngine.moreThenZero
FNDA:0,DSCEngine.moreThenZero
DA:70,0
DA:74,2
FN:74,DSCEngine.isAllowedToken
FNDA:2,DSCEngine.isAllowedToken
DA:75,2
DA:88,7
FN:88,DSCEngine.constructor
FNDA:7,DSCEngine.constructor
DA:89,7
BRDA:89,0,0,1
DA:90,1
DA:92,6
DA:93,12
DA:94,12
DA:96,6
DA:108,0
FN:108,DSCEngine.depositCollateralAndMintDsc
FNDA:0,DSCEngine.depositCollateralAndMintDsc
DA:113,0
DA:114,0
DA:117,3
FN:117,DSCEngine.depositCollateral
FNDA:3,DSCEngine.depositCollateral
DA:123,1
DA:124,1
DA:125,1
DA:126,1
BRDA:126,1,0,-
DA:135,0
FN:135,DSCEngine.redeemCollateralForDsc
FNDA:0,DSCEngine.redeemCollateralForDsc
DA:138,0
DA:139,0
DA:149,0
FN:149,DSCEngine.redeemCollateral
FNDA:0,DSCEngine.redeemCollateral
DA:154,0
DA:155,0
DA:162,0
FN:162,DSCEngine.mintDsc
FNDA:0,DSCEngine.mintDsc
DA:163,0
DA:165,0
DA:167,0
DA:168,0
BRDA:168,2,0,-
DA:171,0
FN:171,DSCEngine.burnDsc
FNDA:0,DSCEngine.burnDsc
DA:172,0
DA:173,0
DA:183,0
FN:183,DSCEngine.liquidate
FNDA:0,DSCEngine.liquidate
DA:185,0
DA:186,0
BRDA:186,3,0,-
DA:187,0
DA:195,0
DA:201,0
DA:202,0
DA:203,0
DA:205,0
DA:207,0
DA:208,0
BRDA:208,4,0,-
DA:209,0
DA:211,0
DA:214,1
FN:214,DSCEngine.getAccountInformation
FNDA:1,DSCEngine.getAccountInformation
DA:215,1
DA:231,0
FN:231,DSCEngine._burnDsc
FNDA:0,DSCEngine._burnDsc
DA:232,0
DA:233,0
DA:234,0
BRDA:234,5,0,-
DA:235,0
DA:245,0
FN:245,DSCEngine._redeemCollateral
FNDA:0,DSCEngine._redeemCollateral
DA:248,0
DA:249,0
DA:250,0
DA:251,0
BRDA:251,6,0,-
DA:254,3
FN:254,DSCEngine._moreThenZero
FNDA:3,DSCEngine._moreThenZero
DA:255,3
BRDA:255,7,0,1
DA:258,2
FN:258,DSCEngine._isAllowedToken
FNDA:2,DSCEngine._isAllowedToken
DA:259,2
BRDA:259,8,0,1
DA:260,1
DA:264,0
FN:264,DSCEngine._revertIfHealthFactorBroken
FNDA:0,DSCEngine._revertIfHealthFactorBroken
DA:267,0
DA:268,0
BRDA:268,9,0,-
DA:269,0
DA:273,0
FN:273,DSCEngine._healthFactor
FNDA:0,DSCEngine._healthFactor
DA:274,0
DA:275,0
DA:276,0
DA:284,1
FN:284,DSCEngine._getAccountInformation
FNDA:1,DSCEngine._getAccountInformation
DA:289,1
DA:290,1
DA:299,2
FN:299,DSCEngine.getTokenAmountFromUsd
FNDA:2,DSCEngine.getTokenAmountFromUsd
DA:300,2
DA:301,2
DA:312,2
DA:315,0
FN:315,DSCEngine.getAccountCollateralValue
FNDA:0,DSCEngine.getAccountCollateralValue
DA:316,1
DA:317,2
DA:318,2
DA:319,2
DA:321,0
DA:324,1
FN:324,DSCEngine.getUsdValue
FNDA:1,DSCEngine.getUsdValue
DA:325,3
DA:326,3
DA:328,3
FNF:21
FNH:9
LF:88
LH:36
BRF:10
BRH:3
end_of_record
TN:
SF:src/DecentralizedStableCoin.sol
DA:39,0
FN:39,DecentralizedStableCoin.burn
FNDA:0,DecentralizedStableCoin.burn
DA:40,0
DA:41,0
BRDA:41,0,0,-
DA:42,0
DA:44,0
BRDA:44,1,0,-
DA:45,0
DA:51,0
DA:54,0
FN:54,DecentralizedStableCoin.mint
FNDA:0,DecentralizedStableCoin.mint
DA:55,0
BRDA:55,2,0,-
DA:56,0
DA:58,0
BRDA:58,3,0,-
DA:59,0
DA:64,0
DA:65,0
FNF:2
FNH:0
LF:14
LH:0
BRF:4
BRH:0
end_of_record
TN:
SF:test/mocks/ERC20Mock.sol
DA:7,12
FN:7,ERC20Mock.constructor
FNDA:12,ERC20Mock.constructor
DA:11,12
DA:14,6
FN:14,ERC20Mock.mint
FNDA:6,ERC20Mock.mint
DA:15,6
DA:18,0
FN:18,ERC20Mock.burn
FNDA:0,ERC20Mock.burn
DA:19,0
DA:22,0
FN:22,ERC20Mock.transferInternal
FNDA:0,ERC20Mock.transferInternal
DA:23,0
DA:26,0
FN:26,ERC20Mock.approveInternal
FNDA:0,ERC20Mock.approveInternal
DA:27,0
FNF:5
FNH:2
LF:10
LH:4
BRF:0
BRH:0
end_of_record
TN:
SF:test/mocks/MockV3Aggregator.sol
DA:24,12
FN:24,MockV3Aggregator.constructor
FNDA:12,MockV3Aggregator.constructor
DA:25,12
DA:26,12
DA:29,12
FN:29,MockV3Aggregator.updateAnswer
FNDA:12,MockV3Aggregator.updateAnswer
DA:30,12
DA:31,12
DA:32,12
DA:33,12
DA:34,12
DA:35,12
DA:38,0
FN:38,MockV3Aggregator.updateRoundData
FNDA:0,MockV3Aggregator.updateRoundData
DA:39,0
DA:40,0
DA:41,0
DA:42,0
DA:43,0
DA:44,0
DA:47,0
FN:47,MockV3Aggregator.getRoundData
FNDA:0,MockV3Aggregator.getRoundData
DA:52,0
DA:55,5
FN:55,MockV3Aggregator.latestRoundData
FNDA:5,MockV3Aggregator.latestRoundData
DA:60,5
DA:69,0
FN:69,MockV3Aggregator.description
FNDA:0,MockV3Aggregator.description
DA:70,0
FNF:6
FNH:3
LF:23
LH:12
BRF:0
BRH:0
end_of_record
