TN:
SF:script/DeployDSC.s.sol
DA:13,7
FN:13,DeployDSC.run
FNDA:7,DeployDSC.run
DA:14,7
DA:15,7
DA:16,7
DA:18,7
DA:19,7
DA:21,7
DA:22,7
DA:23,7
DA:24,7
DA:25,7
DA:27,7
FNF:1
FNH:1
LF:12
LH:12
BRF:0
BRH:0
end_of_record
TN:
SF:script/HelperConfig.s.sol
DA:24,7
FN:24,HelperConfig.constructor
FNDA:7,HelperConfig.constructor
DA:25,7
BRDA:25,0,0,-
BRDA:25,0,1,7
DA:26,0
DA:28,7
DA:32,0
FN:32,HelperConfig.getSepoliaEthConfig
FNDA:0,HelperConfig.getSepoliaEthConfig
DA:33,0
DA:40,0
DA:43,7
FN:43,HelperConfig.getOrCreateAnvilEthConfig
FNDA:7,HelperConfig.getOrCreateAnvilEthConfig
DA:44,7
BRDA:44,1,0,-
DA:45,0
DA:48,7
DA:49,7
DA:50,7
DA:52,7
DA:53,7
DA:54,7
DA:56,7
FNF:3
FNH:2
LF:17
LH:12
BRF:3
BRH:1
end_of_record
TN:
SF:src/DSCEngine.sol
DA:69,0
FN:69,DSCEngine.moreThenZero
FNDA:0,DSCEngine.moreThenZero
DA:70,0
DA:74,2
FN:74,DSCEngine.isAllowedToken
FNDA:2,DSCEngine.isAllowedToken
DA:75,2
DA:88,8
FN:88,DSCEngine.constructor
FNDA:8,DSCEngine.constructor
DA:89,8
BRDA:89,0,0,1
DA:90,1
DA:92,7
DA:93,14
DA:94,14
DA:96,7
DA:108,0
FN:108,DSCEngine.depositCollateralAndMintDsc
FNDA:0,DSCEngine.depositCollateralAndMintDsc
DA:113,0
DA:114,0
DA:117,3
FN:117,DSCEngine.depositCollateral
FNDA:3,DSCEngine.depositCollateral
DA:123,1
DA:124,1
DA:125,1
DA:126,1
BRDA:126,1,0,-
DA:135,0
FN:135,DSCEngine.redeemCollateralForDsc
FNDA:0,DSCEngine.redeemCollateralForDsc
DA:138,0
DA:139,0
DA:149,0
FN:149,DSCEngine.redeemCollateral
FNDA:0,DSCEngine.redeemCollateral
DA:154,0
DA:155,0
DA:162,1
FN:162,DSCEngine.mintDsc
FNDA:1,DSCEngine.mintDsc
DA:163,1
DA:165,1
DA:167,0
DA:168,0
BRDA:168,2,0,-
DA:171,0
FN:171,DSCEngine.burnDsc
FNDA:0,DSCEngine.burnDsc
DA:172,0
DA:173,0
DA:183,0
FN:183,DSCEngine.liquidate
FNDA:0,DSCEngine.liquidate
DA:185,0
DA:186,0
BRDA:186,3,0,-
DA:187,0
DA:195,0
DA:201,0
DA:202,0
DA:203,0
DA:205,0
DA:207,0
DA:208,0
BRDA:208,4,0,-
DA:209,0
DA:211,0
DA:214,1
FN:214,DSCEngine.getAccountInformation
FNDA:1,DSCEngine.getAccountInformation
DA:219,1
DA:235,0
FN:235,DSCEngine._burnDsc
FNDA:0,DSCEngine._burnDsc
DA:236,0
DA:237,0
DA:238,0
BRDA:238,5,0,-
DA:239,0
DA:249,0
FN:249,DSCEngine._redeemCollateral
FNDA:0,DSCEngine._redeemCollateral
DA:252,0
DA:253,0
DA:254,0
DA:255,0
BRDA:255,6,0,-
DA:258,4
FN:258,DSCEngine._moreThenZero
FNDA:4,DSCEngine._moreThenZero
DA:259,4
BRDA:259,7,0,1
DA:262,2
FN:262,DSCEngine._isAllowedToken
FNDA:2,DSCEngine._isAllowedToken
DA:263,2
BRDA:263,8,0,1
DA:264,1
DA:268,1
FN:268,DSCEngine._revertIfHealthFactorBroken
FNDA:1,DSCEngine._revertIfHealthFactorBroken
DA:271,1
DA:272,1
BRDA:272,9,0,1
DA:273,1
DA:277,1
FN:277,DSCEngine._healthFactor
FNDA:1,DSCEngine._healthFactor
DA:278,1
DA:280,1
DA:283,2
FN:283,DSCEngine._calculateHealthFactor
FNDA:2,DSCEngine._calculateHealthFactor
DA:290,2
BRDA:290,10,0,-
DA:291,0
DA:293,2
DA:294,2
DA:302,2
FN:302,DSCEngine._getAccountInformation
FNDA:2,DSCEngine._getAccountInformation
DA:307,2
DA:308,2
DA:317,2
FN:317,DSCEngine.getTokenAmountFromUsd
FNDA:2,DSCEngine.getTokenAmountFromUsd
DA:318,2
DA:319,2
DA:330,2
DA:333,0
FN:333,DSCEngine.getAccountCollateralValue
FNDA:0,DSCEngine.getAccountCollateralValue
DA:334,2
DA:335,4
DA:336,4
DA:337,4
DA:339,0
DA:342,1
FN:342,DSCEngine.getUsdValue
FNDA:1,DSCEngine.getUsdValue
DA:343,5
DA:344,5
DA:346,5
DA:354,1
FN:354,DSCEngine.calculateHealthFactor
FNDA:1,DSCEngine.calculateHealthFactor
DA:359,1
DA:362,0
FN:362,DSCEngine.getHealthFactor
FNDA:0,DSCEngine.getHealthFactor
DA:363,0
FNF:24
FNH:14
LF:96
LH:52
BRF:11
BRH:4
end_of_record
TN:
SF:src/DecentralizedStableCoin.sol
DA:39,0
FN:39,DecentralizedStableCoin.burn
FNDA:0,DecentralizedStableCoin.burn
DA:40,0
DA:41,0
BRDA:41,0,0,-
DA:42,0
DA:44,0
BRDA:44,1,0,-
DA:45,0
DA:51,0
DA:54,0
FN:54,DecentralizedStableCoin.mint
FNDA:0,DecentralizedStableCoin.mint
DA:55,0
BRDA:55,2,0,-
DA:56,0
DA:58,0
BRDA:58,3,0,-
DA:59,0
DA:64,0
DA:65,0
FNF:2
FNH:0
LF:14
LH:0
BRF:4
BRH:0
end_of_record
TN:
SF:test/mocks/ERC20Mock.sol
DA:7,14
FN:7,ERC20Mock.constructor
FNDA:14,ERC20Mock.constructor
DA:11,14
DA:14,7
FN:14,ERC20Mock.mint
FNDA:7,ERC20Mock.mint
DA:15,7
DA:18,0
FN:18,ERC20Mock.burn
FNDA:0,ERC20Mock.burn
DA:19,0
DA:22,0
FN:22,ERC20Mock.transferInternal
FNDA:0,ERC20Mock.transferInternal
DA:23,0
DA:26,0
FN:26,ERC20Mock.approveInternal
FNDA:0,ERC20Mock.approveInternal
DA:27,0
FNF:5
FNH:2
LF:10
LH:4
BRF:0
BRH:0
end_of_record
TN:
SF:test/mocks/MockV3Aggregator.sol
DA:24,14
FN:24,MockV3Aggregator.constructor
FNDA:14,MockV3Aggregator.constructor
DA:25,14
DA:26,14
DA:29,14
FN:29,MockV3Aggregator.updateAnswer
FNDA:14,MockV3Aggregator.updateAnswer
DA:30,14
DA:31,14
DA:32,14
DA:33,14
DA:34,14
DA:35,14
DA:38,0
FN:38,MockV3Aggregator.updateRoundData
FNDA:0,MockV3Aggregator.updateRoundData
DA:39,0
DA:40,0
DA:41,0
DA:42,0
DA:43,0
DA:44,0
DA:47,0
FN:47,MockV3Aggregator.getRoundData
FNDA:0,MockV3Aggregator.getRoundData
DA:52,0
DA:55,7
FN:55,MockV3Aggregator.latestRoundData
FNDA:7,MockV3Aggregator.latestRoundData
DA:60,7
DA:69,0
FN:69,MockV3Aggregator.description
FNDA:0,MockV3Aggregator.description
DA:70,0
FNF:6
FNH:3
LF:23
LH:12
BRF:0
BRH:0
end_of_record
